c:\users\cımbo\desktop\repos\eıght_puzzle\eıght_puzzle_sln\eıght_puzzle\eıght_puzzle\release\vc120.pdb
c:\users\cımbo\desktop\repos\eıght_puzzle\eıght_puzzle_sln\eıght_puzzle\eıght_puzzle\release\solver.obj
c:\users\cımbo\desktop\repos\eıght_puzzle\eıght_puzzle_sln\eıght_puzzle\eıght_puzzle\release\myform2.obj
c:\users\cımbo\desktop\repos\eıght_puzzle\eıght_puzzle_sln\eıght_puzzle\eıght_puzzle\release\myform.obj
c:\users\cımbo\desktop\repos\eıght_puzzle\eıght_puzzle_sln\eıght_puzzle\eıght_puzzle\release\.netframework,versıon=v4.5.assemblyattrıbutes.obj
c:\users\cimbo\desktop\repos\eight_puzzle\eight_puzzle_sln\eight_puzzle\eight_puzzle\release\eight_puzzle.myform.resources
c:\users\cimbo\desktop\repos\eight_puzzle\eight_puzzle_sln\eight_puzzle\eight_puzzle\release\eight_puzzle.myform1.resources
c:\users\cimbo\desktop\repos\eight_puzzle\eight_puzzle_sln\eight_puzzle\eight_puzzle\release\eight_puzzle.myform2.resources
c:\users\cımbo\desktop\repos\eıght_puzzle\eıght_puzzle_sln\eıght_puzzle\release\eıght_puzzle.exe
c:\users\cımbo\desktop\repos\eıght_puzzle\eıght_puzzle_sln\eıght_puzzle\release\eıght_puzzle.pdb
c:\users\cımbo\desktop\repos\eıght_puzzle\eıght_puzzle_sln\eıght_puzzle\eıght_puzzle\release\eıght_puzzle.tlog\metagen.wrıte.1.tlog
c:\users\cimbo\desktop\repos\eight_puzzle\eight_puzzle_sln\eight_puzzle\eight_puzzle\release\eight_puzzle.vcxproj.generateresource.cache
c:\users\cimbo\desktop\repos\eight_puzzle\eight_puzzle_sln\eight_puzzle\eight_puzzle\release\.netframework,version=v4.5.assemblyattributes.obj
c:\users\cimbo\desktop\repos\eight_puzzle\eight_puzzle_sln\eight_puzzle\eight_puzzle\release\myform.obj
c:\users\cimbo\desktop\repos\eight_puzzle\eight_puzzle_sln\eight_puzzle\eight_puzzle\release\myform2.obj
c:\users\cimbo\desktop\repos\eight_puzzle\eight_puzzle_sln\eight_puzzle\eight_puzzle\release\solver.obj
c:\users\cimbo\desktop\repos\eight_puzzle\eight_puzzle_sln\eight_puzzle\eight_puzzle\release\vc120.pdb
c:\users\cimbo\desktop\repos\eight_puzzle\eight_puzzle_sln\eight_puzzle\release\eight_puzzle.pdb
c:\users\cimbo\desktop\repos\eight_puzzle\eight_puzzle_sln\eight_puzzle\release\eight_puzzle.exe
c:\users\cimbo\desktop\repos\eight_puzzle\eight_puzzle_sln\eight_puzzle\eight_puzzle\release\eight_puzzle.tlog\cl.command.1.tlog
c:\users\cimbo\desktop\repos\eight_puzzle\eight_puzzle_sln\eight_puzzle\eight_puzzle\release\eight_puzzle.tlog\cl.read.1.tlog
c:\users\cimbo\desktop\repos\eight_puzzle\eight_puzzle_sln\eight_puzzle\eight_puzzle\release\eight_puzzle.tlog\cl.write.1.tlog
c:\users\cimbo\desktop\repos\eight_puzzle\eight_puzzle_sln\eight_puzzle\eight_puzzle\release\eight_puzzle.tlog\eight_puzzle.write.1u.tlog
c:\users\cimbo\desktop\repos\eight_puzzle\eight_puzzle_sln\eight_puzzle\eight_puzzle\release\eight_puzzle.tlog\link.command.1.tlog
c:\users\cimbo\desktop\repos\eight_puzzle\eight_puzzle_sln\eight_puzzle\eight_puzzle\release\eight_puzzle.tlog\link.read.1.tlog
c:\users\cimbo\desktop\repos\eight_puzzle\eight_puzzle_sln\eight_puzzle\eight_puzzle\release\eight_puzzle.tlog\link.write.1.tlog
c:\users\cimbo\desktop\repos\eight_puzzle\eight_puzzle_sln\eight_puzzle\eight_puzzle\release\eight_puzzle.tlog\metagen.read.1.tlog
c:\users\cimbo\desktop\repos\eight_puzzle\eight_puzzle_sln\eight_puzzle\eight_puzzle\release\eight_puzzle.tlog\metagen.write.1.tlog
c:\users\cimbo\desktop\repos\eight_puzzle\eight_puzzle_sln\eight_puzzle\eight_puzzle\release\eight_puzzle.tlog\mscorlıb.dll.metagen
c:\users\cimbo\desktop\repos\eight_puzzle\eight_puzzle_sln\eight_puzzle\eight_puzzle\release\eight_puzzle.tlog\system.data.dll.metagen
c:\users\cimbo\desktop\repos\eight_puzzle\eight_puzzle_sln\eight_puzzle\eight_puzzle\release\eight_puzzle.tlog\system.dll.metagen
c:\users\cimbo\desktop\repos\eight_puzzle\eight_puzzle_sln\eight_puzzle\eight_puzzle\release\eight_puzzle.tlog\system.drawıng.dll.metagen
c:\users\cimbo\desktop\repos\eight_puzzle\eight_puzzle_sln\eight_puzzle\eight_puzzle\release\eight_puzzle.tlog\system.wındows.forms.dll.metagen
c:\users\cimbo\desktop\repos\eight_puzzle\eight_puzzle_sln\eight_puzzle\eight_puzzle\release\eight_puzzle.tlog\system.xml.dll.metagen
c:\users\cimbo\desktop\repos\eight_puzzle\eight_puzzle_sln\eight_puzzle\eight_puzzle\release\eight_puzzle.tlog\clr.dll.bi
c:\users\cimbo\desktop\repos\eight_puzzle\eight_puzzle_sln\eight_puzzle\eight_puzzle\release\eight_puzzle.tlog\cluı.dll.bi
c:\users\cimbo\desktop\repos\eight_puzzle\eight_puzzle_sln\eight_puzzle\eight_puzzle\release\eight_puzzle.tlog\mscorwks.dll.bi
c:\users\cimbo\desktop\repos\eight_puzzle\eight_puzzle_sln\eight_puzzle\eight_puzzle\release\eight_puzzle.tlog\tzres.dll.bi
